<?xml version="1.0" encoding="UTF-8"?>
<testsuite xmlns:xsi="http://www.w3.org/2001/XMLSchema-instance" xsi:noNamespaceSchemaLocation="https://maven.apache.org/surefire/maven-surefire-plugin/xsd/surefire-test-report.xsd" version="3.0.2" name="com.ai.SpringAi.SpringAiApplicationTests" time="1.803" tests="1" errors="0" skipped="0" failures="0">
  <properties>
[...]
</properties>
  <testcase name="contextLoads" classname="com.ai.SpringAi.SpringAiApplicationTests" time="0.495">
    <system-out><![CDATA[13:24:03.385 [main] INFO org.springframework.test.context.support.AnnotationConfigContextLoaderUtils -- Could not detect default configuration classes for test class [com.ai.SpringAi.SpringAiApplicationTests]: SpringAiApplicationTests does not declare any static, non-private, non-final, nested classes annotated with @Configuration.
13:24:03.441 [main] INFO org.springframework.boot.test.context.SpringBootTestContextBootstrapper -- Found @SpringBootConfiguration com.ai.SpringAi.SpringAiApplication for test class com.ai.SpringAi.SpringAiApplicationTests

  .   ____          _            __ _ _
 /\\ / ___'_ __ _ _(_)_ __  __ _ \ \ \ \
( ( )\___ | '_ | '_| | '_ \/ _` | \ \ \ \
 \\/  ___)| |_)| | | | | || (_| |  ) ) ) )
  '  |____| .__|_| |_|_| |_\__, | / / / /
 =========|_|==============|___/=/_/_/_/

 :: Spring Boot ::                (v3.4.1)

2024-12-24T13:24:03.689-05:00  INFO 2597 --- [SpringAi] [           main] c.ai.SpringAi.SpringAiApplicationTests   : Starting SpringAiApplicationTests using Java 22.0.2 with PID 2597 (started by eliozoto in /Users/eliozoto/Documents/Personal/Projects/SpringAi/SpringAi)
2024-12-24T13:24:03.690-05:00  INFO 2597 --- [SpringAi] [           main] c.ai.SpringAi.SpringAiApplicationTests   : No active profile set, falling back to 1 default profile: "default"
2024-12-24T13:24:04.590-05:00  INFO 2597 --- [SpringAi] [           main] c.ai.SpringAi.SpringAiApplicationTests   : Started SpringAiApplicationTests in 1.084 seconds (process running for 1.587)
]]></system-out>
    <system-err><![CDATA[Mockito is currently self-attaching to enable the inline-mock-maker. This will no longer work in future releases of the JDK. Please add Mockito as an agent to your build what is described in Mockito's documentation: https://javadoc.io/doc/org.mockito/mockito-core/latest/org/mockito/Mockito.html#0.3
WARNING: A Java agent has been loaded dynamically (/Users/eliozoto/.m2/repository/net/bytebuddy/byte-buddy-agent/1.15.11/byte-buddy-agent-1.15.11.jar)
WARNING: If a serviceability tool is in use, please run with -XX:+EnableDynamicAgentLoading to hide this warning
WARNING: If a serviceability tool is not in use, please run with -Djdk.instrument.traceUsage for more information
WARNING: Dynamic loading of agents will be disallowed by default in a future release
]]></system-err>
  </testcase>
</testsuite>